<?xml version="1.0" encoding="UTF-8"?>
<!-- Generated by org.testng.reporters.JUnitReportReporter -->
<testsuite hostname="LocalHost" name="com.orangehrm.test.LoginWithAdminAndCreateNewUserTest" tests="1" failures="0" timestamp="9 Jul 2017 15:37:31 GMT" time="11.566" errors="0">
  <testcase name="testAdminIsAbleToLogin" time="11.566" classname="com.orangehrm.test.LoginWithAdminAndCreateNewUserTest"/>
</testsuite> <!-- com.orangehrm.test.LoginWithAdminAndCreateNewUserTest -->
