<?xml version="1.0" encoding="UTF-8"?>
<!-- Generated by org.testng.reporters.JUnitReportReporter -->
<testsuite hostname="LocalHost" name="com.orangehrm.test.EmployeeRecordsTest" tests="1" failures="0" timestamp="9 Jul 2017 15:37:31 GMT" time="11.044" errors="0">
  <testcase name="testAdminIsAbleToLogin" time="11.044" classname="com.orangehrm.test.EmployeeRecordsTest"/>
</testsuite> <!-- com.orangehrm.test.EmployeeRecordsTest -->
